#
# A fatal error has been detected by the Java Runtime Environment:
#
#  Internal Error (javaClasses.cpp:136), pid=3396, tid=8988
#  fatal error: Invalid layout of preloaded class
#
# JRE version:  (7.0_51-b13) (build )
# Java VM: Java HotSpot(TM) 64-Bit Server VM (24.51-b03 mixed mode windows-amd64 compressed oops)
# Failed to write core dump. Minidumps are not enabled by default on client versions of Windows
#
# If you would like to submit a bug report, please visit:
#   http://bugreport.sun.com/bugreport/crash.jsp
#

---------------  T H R E A D  ---------------

Current thread (0x0000000002540800):  JavaThread "Unknown thread" [_thread_in_vm, id=8988, stack(0x0000000002440000,0x0000000002540000)]

Stack: [0x0000000002440000,0x0000000002540000]

---------------  P R O C E S S  ---------------

Java Threads: ( => current thread )

Other Threads:

=>0x0000000002540800 (exited) JavaThread "Unknown thread" [_thread_in_vm, id=8988, stack(0x0000000002440000,0x0000000002540000)]

VM state:not at safepoint (not fully initialized)

VM Mutex/Monitor currently owned by a thread: None

GC Heap History (0 events):
No events

Deoptimization events (0 events):
No events

Internal exceptions (0 events):
No events

Events (10 events):
Event: 0.011 loading class 0x0000000002584c60 done
Event: 0.011 loading class 0x0000000002584680 done
Event: 0.011 loading class 0x0000000002584660
Event: 0.011 loading class 0x000000000258c760
Event: 0.011 loading class 0x000000000258c760 done
Event: 0.011 loading class 0x000000000258c790
Event: 0.011 loading class 0x000000000258c790 done
Event: 0.011 loading class 0x000000000258c7c0
Event: 0.011 loading class 0x000000000258c7c0 done
Event: 0.011 loading class 0x0000000002584660 done


Dynamic libraries:
0x00007ff620ed0000 - 0x00007ff620f03000 	C:\Program Files\Java\jre7\bin\javaw.exe
0x00007ff840670000 - 0x00007ff840819000 	C:\windows\SYSTEM32\ntdll.dll
0x00007ff83ffa0000 - 0x00007ff8400d9000 	C:\windows\system32\KERNEL32.DLL
0x00007ff83dac0000 - 0x00007ff83dbcf000 	C:\windows\system32\KERNELBASE.dll
0x00007ff83c480000 - 0x00007ff83c50b000 	C:\windows\system32\apphelp.dll
0x00007ff82e010000 - 0x00007ff82e05f000 	C:\windows\AppPatch\AppPatch64\AcGenral.DLL
0x00007ff83e350000 - 0x00007ff83e3f7000 	C:\windows\system32\msvcrt.dll
0x00007ff83d8a0000 - 0x00007ff83d8cb000 	C:\windows\SYSTEM32\SspiCli.dll
0x00007ff8402c0000 - 0x00007ff840311000 	C:\windows\system32\SHLWAPI.dll
0x00007ff83fd60000 - 0x00007ff83fed1000 	C:\windows\system32\USER32.dll
0x00007ff83e410000 - 0x00007ff83e586000 	C:\windows\system32\ole32.dll
0x00007ff83e950000 - 0x00007ff83fd60000 	C:\windows\system32\SHELL32.dll
0x00007ff83d0c0000 - 0x00007ff83d0df000 	C:\windows\SYSTEM32\USERENV.dll
0x00007ff840520000 - 0x00007ff8405c5000 	C:\windows\system32\ADVAPI32.dll
0x00007ff82a840000 - 0x00007ff82a85b000 	C:\windows\SYSTEM32\MPR.dll
0x00007ff8403e0000 - 0x00007ff840516000 	C:\windows\system32\RPCRT4.dll
0x00007ff840380000 - 0x00007ff8403d7000 	C:\windows\SYSTEM32\sechost.dll
0x00007ff83e110000 - 0x00007ff83e2e7000 	C:\windows\SYSTEM32\combase.dll
0x00007ff83e590000 - 0x00007ff83e6d5000 	C:\windows\system32\GDI32.dll
0x00007ff83d9f0000 - 0x00007ff83da04000 	C:\windows\SYSTEM32\profapi.dll
0x00007ff83bc80000 - 0x00007ff83bd21000 	C:\windows\SYSTEM32\SHCORE.dll
0x00007ff83e790000 - 0x00007ff83e7c4000 	C:\windows\system32\IMM32.DLL
0x00007ff83e7f0000 - 0x00007ff83e928000 	C:\windows\system32\MSCTF.dll
0x00007ff83b2b0000 - 0x00007ff83b50a000 	C:\windows\WinSxS\amd64_microsoft.windows.common-controls_6595b64144ccf1df_6.0.9600.16384_none_62475f7becb72503\COMCTL32.dll
0x0000000063560000 - 0x0000000063632000 	C:\Program Files\Java\jre7\bin\msvcr100.dll
0x0000000062740000 - 0x0000000062f09000 	C:\Program Files\Java\jre7\bin\server\jvm.dll
0x00007ff834600000 - 0x00007ff834609000 	C:\windows\SYSTEM32\WSOCK32.dll
0x00007ff8356f0000 - 0x00007ff83570f000 	C:\windows\SYSTEM32\WINMM.dll
0x00007ff83e930000 - 0x00007ff83e937000 	C:\windows\system32\PSAPI.DLL
0x00007ff840320000 - 0x00007ff840378000 	C:\windows\system32\WS2_32.dll
0x00007ff835220000 - 0x00007ff83524a000 	C:\windows\SYSTEM32\WINMMBASE.dll
0x00007ff83e400000 - 0x00007ff83e409000 	C:\windows\system32\NSI.dll
0x00007ff83deb0000 - 0x00007ff83defa000 	C:\windows\SYSTEM32\cfgmgr32.dll
0x00007ff83c870000 - 0x00007ff83c896000 	C:\windows\SYSTEM32\DEVOBJ.dll
0x0000000063550000 - 0x000000006355f000 	C:\Program Files\Java\jre7\bin\verify.dll
0x0000000063520000 - 0x0000000063548000 	C:\Program Files\Java\jre7\bin\java.dll
0x0000000063500000 - 0x0000000063515000 	C:\Program Files\Java\jre7\bin\zip.dll

VM Arguments:
jvm_args: -Dfile.encoding=Cp1252 -Xbootclasspath:C:\Users\Kevin\android-sdks\platforms\android-19\android.jar 
java_command: org.eclipse.jdt.internal.junit.runner.RemoteTestRunner -version 3 -port 65291 -testLoaderClass org.eclipse.jdt.internal.junit4.runner.JUnit4TestLoader -loaderpluginname org.eclipse.jdt.junit4.runtime -classNames test.android.tidegrab.ScrapeTest
Launcher Type: SUN_STANDARD

Environment Variables:
PATH=C:\windows\system32;C:\windows;C:\windows\System32\Wbem;C:\windows\System32\WindowsPowerShell\v1.0\;C:\Program Files\Intel\WiFi\bin\;C:\Program Files\Common Files\Intel\WirelessCommon\;C:\ProgramData\Lenovo\ReadyApps;C:\Program Files (x86)\Windows Kits\8.1\Windows Performance Toolkit\;C:\Program Files\Microsoft SQL Server\110\Tools\Binn\;C:\Program Files\MATLAB\R2013b\runtime\win64;C:\Program Files\MATLAB\R2013b\bin
USERNAME=Kevin
OS=Windows_NT
PROCESSOR_IDENTIFIER=Intel64 Family 6 Model 69 Stepping 1, GenuineIntel



---------------  S Y S T E M  ---------------

OS: Windows 8 , 64 bit Build 9200 

CPU:total 4 (2 cores per cpu, 2 threads per core) family 6 model 69 stepping 1, cmov, cx8, fxsr, mmx, sse, sse2, sse3, ssse3, sse4.1, sse4.2, popcnt, avx, avx2, aes, erms, ht, tsc, tscinvbit

Memory: 4k page, physical 4082080k(1054704k free), swap 5982624k(1732356k free)

vm_info: Java HotSpot(TM) 64-Bit Server VM (24.51-b03) for windows-amd64 JRE (1.7.0_51-b13), built on Dec 18 2013 18:40:56 by "java_re" with unknown MS VC++:1600

time: Sat Mar 22 17:50:52 2014
elapsed time: 0 seconds

